*** Using Compiler 'V5.05 update 1 (build 106)', folder: 'D:\Keil_v5\ARM\ARMCC\Bin'
Build target 'Demo'
compiling usercode.c...
compiling task_analysisdata.c...
compiling task_balance.c...
..\Apply\Task\Src\task_balance.c(9): warning:  #177-D: variable "rollOutput" was declared but never referenced
  	float rollOutput = 0,pitchOutput = 0;
..\Apply\Task\Src\task_balance.c: 1 warning, 0 errors
compiling task_irq.c...
compiling task_depthcontrol.c...
compiling task_thruster.c...
compiling task_motioncontrol.c...
compiling task_sysinit.c...
compiling task_handlemode.c...
compiling task_automode.c...
compiling task_servocontrol.c...
compiling task_pH_outcome.c...
compiling task_userinit.c...
linking...
Program Size: Code=41516 RO-data=824 RW-data=3920 ZI-data=20032  
FromELF: creating hex file...
".\Objects\STM32.axf" - 0 Error(s), 1 Warning(s).
Build Time Elapsed:  00:00:46
